<?xml version="1.0" encoding="UTF-8"?>
<!-- Generated by org.testng.reporters.JUnitReportReporter -->
<testsuite hostname="DESKTOP-7SSCP5Q" failures="0" tests="7" name="registrationTestCases.RegistrationPageTest" time="196.942" errors="0" timestamp="10 Jun 2020 10:20:23 GMT">
  <testcase classname="registrationTestCases.RegistrationPageTest" name="validRegisterTest" time="28.704"/>
  <testcase classname="registrationTestCases.RegistrationPageTest" name="inValidRegisterTest" time="27.536"/>
  <testcase classname="registrationTestCases.RegistrationPageTest" name="inValidRegisterTest" time="26.776"/>
  <testcase classname="registrationTestCases.RegistrationPageTest" name="inValidRegisterTest" time="27.915"/>
  <testcase classname="registrationTestCases.RegistrationPageTest" name="validRegisterTest" time="28.062"/>
  <testcase classname="registrationTestCases.RegistrationPageTest" name="inValidRegisterTest" time="27.090"/>
  <testcase classname="registrationTestCases.RegistrationPageTest" name="validRegisterTest" time="30.859"/>
</testsuite> <!-- registrationTestCases.RegistrationPageTest -->
