<?xml version="1.0" encoding="UTF-8"?>
<!-- Generated by org.testng.reporters.JUnitReportReporter -->
<testsuite hostname="DESKTOP-7SSCP5Q" failures="0" tests="2" name="camelan.tests.SearchPageTest" time="46.747" errors="0" timestamp="11 Jun 2020 21:09:26 GMT">
  <testcase classname="camelan.tests.SearchPageTest" name="SearchAd" time="23.789"/>
  <testcase classname="camelan.tests.SearchPageTest" name="clickOnAd" time="22.958"/>
</testsuite> <!-- camelan.tests.SearchPageTest -->
