<?xml version="1.0" encoding="UTF-8"?>
<!-- Generated by org.testng.reporters.JUnitReportReporter -->
<testsuite hostname="DESKTOP-7SSCP5Q" failures="0" tests="1" name="camelan.tests.HomePageTest" time="22.279" errors="0" timestamp="11 Jun 2020 19:41:53 GMT">
  <testcase classname="camelan.tests.HomePageTest" name="testAppium" time="22.279"/>
</testsuite> <!-- camelan.tests.HomePageTest -->
