<?xml version="1.0" encoding="UTF-8"?>
<!-- Generated by org.testng.reporters.JUnitReportReporter -->
<testsuite hostname="DESKTOP-7SSCP5Q" failures="0" tests="1" name="camelan.tests.ListAdsPageTest" time="26.060" errors="0" timestamp="11 Jun 2020 20:53:51 GMT">
  <testcase classname="camelan.tests.ListAdsPageTest" name="clickOnSearch" time="26.060"/>
</testsuite> <!-- camelan.tests.ListAdsPageTest -->
